{"timestamp":"2024-12-18 16:11:33","method":"POST","path":"\/api.php\/auth\/login","status":404,"api_key":"test-key-1","ip":"::1"}
{"timestamp":"2024-12-18 16:14:54","method":"POST","path":"\/api.php\/auth\/login","status":200,"api_key":"test-key-1","ip":"::1"}
{"timestamp":"2024-12-18 16:15:28","method":"POST","path":"\/api.php\/auth\/login","status":200,"api_key":"test-key-1","ip":"::1"}
{"timestamp":"2024-12-18 16:16:29","method":"POST","path":"\/api.php\/auth\/logout","status":200,"api_key":"test-key-2","ip":"::1"}
{"timestamp":"2024-12-18 16:56:53","method":"POST","path":"\/api.php\/controller\/assignRole.php","status":401,"api_key":"test-key-2","ip":"::1"}
{"timestamp":"2024-12-18 16:57:45","method":"POST","path":"\/api.php\/controller\/assignRole.php","status":401,"api_key":"test-key-2","ip":"::1"}
{"timestamp":"2024-12-18 16:58:33","method":"POST","path":"\/api.php\/admin_stuff\/assignRole.php","status":401,"api_key":"test-key-2","ip":"::1"}
{"timestamp":"2024-12-18 16:58:52","method":"GET","path":"\/api.php\/admin_stuff\/ListUserRole.php","status":404,"api_key":"test-key-2","ip":"::1"}
{"timestamp":"2024-12-18 17:00:12","method":"GET","path":"\/api.php\/list_role\/ListUserRole.php","status":404,"api_key":"test-key-2","ip":"::1"}
{"timestamp":"2024-12-18 17:01:14","method":"GET","path":"\/api.php\/list_role\/ListUserRole.php","status":404,"api_key":"test-key-2","ip":"::1"}
{"timestamp":"2024-12-18 17:01:16","method":"GET","path":"\/api.php\/list_role\/ListUserRole.php","status":404,"api_key":"test-key-2","ip":"::1"}
{"timestamp":"2024-12-18 17:02:30","method":"GET","path":"\/api.php\/list_role\/ListUserRole.php","status":404,"api_key":"test-key-2","ip":"::1"}
{"timestamp":"2024-12-18 17:02:32","method":"GET","path":"\/api.php\/list_role\/ListUserRole.php","status":404,"api_key":"test-key-2","ip":"::1"}
{"timestamp":"2024-12-18 17:02:44","method":"GET","path":"\/api.php\/list_role\/ListUserRole.php","status":404,"api_key":"test-key-2","ip":"::1"}
{"timestamp":"2024-12-18 17:02:45","method":"GET","path":"\/api.php\/list_role\/ListUserRole.php","status":404,"api_key":"test-key-2","ip":"::1"}
{"timestamp":"2024-12-18 17:03:06","method":"GET","path":"\/api.php\/list_role\/ListUserRole.php","status":404,"api_key":"test-key-2","ip":"::1"}
{"timestamp":"2024-12-18 17:03:50","method":"GET","path":"\/api.php\/list_role\/ListUserRole.php","status":404,"api_key":"test-key-2","ip":"::1"}
{"timestamp":"2024-12-18 17:04:37","method":"GET","path":"\/api.php\/list_role\/ListUserRole.php","status":404,"api_key":"test-key-2","ip":"::1"}
{"timestamp":"2024-12-18 17:04:39","method":"GET","path":"\/api.php\/list_role\/ListUserRole.php","status":404,"api_key":"test-key-2","ip":"::1"}
{"timestamp":"2024-12-18 17:04:41","method":"GET","path":"\/api.php\/list_role\/ListUserRole.php","status":404,"api_key":"test-key-2","ip":"::1"}
{"timestamp":"2024-12-18 17:04:42","method":"GET","path":"\/api.php\/list_role\/ListUserRole.php","status":404,"api_key":"test-key-2","ip":"::1"}
{"timestamp":"2024-12-18 17:04:47","method":"POST","path":"\/api.php\/admin_stuff\/assignRole.php","status":401,"api_key":"test-key-2","ip":"::1"}
{"timestamp":"2024-12-18 17:05:00","method":"GET","path":"\/api.php\/list_role\/ListUserRole.php","status":404,"api_key":"test-key-2","ip":"::1"}
{"timestamp":"2024-12-18 17:06:02","method":"GET","path":"\/api.php\/list_role\/ListUserRole.php","status":404,"api_key":"test-key-2","ip":"::1"}
{"timestamp":"2024-12-18 17:07:59","method":"GET","path":"\/api.php\/list_role\/ListUserRole.php","status":404,"api_key":"test-key-2","ip":"::1"}
{"timestamp":"2024-12-18 17:08:35","method":"GET","path":"\/api.php\/list_role\/ListUserRole.php","status":404,"api_key":"test-key-2","ip":"::1"}
{"timestamp":"2024-12-18 17:09:26","method":"GET","path":"\/api.php\/list_role\/ListUserRole.php","status":404,"api_key":"test-key-2","ip":"::1"}
{"timestamp":"2024-12-18 17:10:03","method":"GET","path":"\/api.php\/list_role\/ListUserRole.php","status":404,"api_key":"test-key-2","ip":"::1"}
{"timestamp":"2024-12-18 17:10:35","method":"GET","path":"\/api.php\/list_role\/ListUserRole.php","status":404,"api_key":"test-key-2","ip":"::1"}
{"timestamp":"2024-12-18 17:10:50","method":"GET","path":"\/api.php\/list_role\/ListUserRole.php","status":404,"api_key":"test-key-2","ip":"::1"}
{"timestamp":"2024-12-18 17:10:56","method":"GET","path":"\/api.php\/list_role\/ListUserRole.php","status":404,"api_key":"test-key-2","ip":"::1"}
{"timestamp":"2024-12-18 17:11:55","method":"GET","path":"\/api.php\/list_role\/ListUserRole.php","status":404,"api_key":"test-key-2","ip":"::1"}
{"timestamp":"2024-12-18 17:13:16","method":"GET","path":"\/api.php\/list_role\/ListUserRole.php","status":401,"api_key":"test-key-2","ip":"::1"}
{"timestamp":"2024-12-18 17:13:31","method":"GET","path":"\/api.php\/list_role\/ListUserRole.php","status":401,"api_key":"test-key-2","ip":"::1"}
{"timestamp":"2024-12-18 17:13:51","method":"GET","path":"\/api.php\/list_role\/ListUserRole.php","status":401,"api_key":"test-key-2","ip":"::1"}
{"timestamp":"2024-12-18 17:29:42","method":"GET","path":"\/api.php\/list_role\/ListUserRole.php","status":401,"api_key":"test-key-2","ip":"::1"}
{"timestamp":"2024-12-18 17:29:54","method":"POST","path":"\/api.php\/admin_stuff\/assignRole.php","status":401,"api_key":"test-key-2","ip":"::1"}
{"timestamp":"2024-12-18 17:31:42","method":"GET","path":"\/api.php\/auth\/user\/profile","status":401,"api_key":"test-key-2","ip":"::1"}
{"timestamp":"2024-12-18 17:32:30","method":"GET","path":"\/api.php\/auth\/user\/profile","status":401,"api_key":"test-key-2","ip":"::1"}
{"timestamp":"2024-12-18 17:32:42","method":"POST","path":"\/api.php\/auth\/login","status":200,"api_key":"test-key-1","ip":"::1"}
{"timestamp":"2024-12-18 17:32:52","method":"GET","path":"\/api.php\/auth\/user\/profile","status":200,"api_key":"test-key-2","ip":"::1"}
{"timestamp":"2024-12-18 17:34:43","method":"POST","path":"\/api.php\/auth\/password\/password_reset_request.php","status":404,"api_key":"test-key-2","ip":"::1"}
{"timestamp":"2024-12-18 17:37:38","method":"POST","path":"\/api.php\/password\/password_reset_request.php","status":404,"api_key":"test-key-2","ip":"::1"}
{"timestamp":"2024-12-18 17:37:42","method":"POST","path":"\/api.php\/password\/password_reset_request.php","status":404,"api_key":"test-key-2","ip":"::1"}
{"timestamp":"2024-12-18 17:40:21","method":"POST","path":"\/api.php\/password\/password_reset_request.php","status":200,"api_key":"test-key-2","ip":"::1"}
{"timestamp":"2024-12-18 17:42:28","method":"POST","path":"\/api.php\/verify\/vEmail.php","status":400,"api_key":"test-key-2","ip":"::1"}
{"timestamp":"2024-12-18 17:43:15","method":"DELETE","path":"\/api.php\/auth\/delete_account.php","status":404,"api_key":"test-key-2","ip":"::1"}
{"timestamp":"2024-12-18 17:44:28","method":"DELETE","path":"\/api.php\/del_user\/delete_account.php","status":403,"api_key":"test-key-2","ip":"::1"}
{"timestamp":"2024-12-18 17:44:38","method":"DELETE","path":"\/api.php\/del_user\/delete_account.php","status":403,"api_key":"test-key-2","ip":"::1"}
{"timestamp":"2024-12-18 17:44:43","method":"POST","path":"\/api.php\/password\/password_reset.php","status":200,"api_key":"test-key-2","ip":"::1"}
{"timestamp":"2024-12-18 17:45:20","method":"POST","path":"\/api.php\/auth\/update\/user","status":401,"api_key":"test-key-2","ip":"::1"}
{"timestamp":"2024-12-18 17:50:29","method":"POST","path":"\/api.php\/password\/password_reset.php","status":200,"api_key":"test-key-2","ip":"::1"}
{"timestamp":"2024-12-18 17:50:31","method":"POST","path":"\/api.php\/password\/password_reset.php","status":200,"api_key":"test-key-2","ip":"::1"}
{"timestamp":"2024-12-18 17:52:42","method":"POST","path":"\/api.php\/password\/password_reset.php","status":200,"api_key":"test-key-2","ip":"::1"}
{"timestamp":"2024-12-18 17:56:53","method":"GET","path":"\/api.php\/auth\/buyer-products\/search","status":404,"api_key":"test-key-2","ip":"::1"}
{"timestamp":"2024-12-18 17:58:25","method":"GET","path":"\/api.php\/auth\/buyer-products\/showByCategory\/pants","status":404,"api_key":"test-key-2","ip":"::1"}
{"timestamp":"2024-12-18 18:05:41","method":"GET","path":"\/api.php\/auth\/buyer-products\/showByCategory\/pants","status":404,"api_key":"test-key-2","ip":"::1"}
{"timestamp":"2024-12-18 18:34:45","method":"POST","path":"\/api.php\/shopping\/login","status":200,"api_key":"test-key-2","ip":"::1"}
{"timestamp":"2024-12-18 18:38:37","method":"GET","path":"\/api.php\/visitor-products\/search","status":404,"api_key":"test-key-2","ip":"::1"}
{"timestamp":"2024-12-18 18:39:15","method":"GET","path":"\/api.php\/visitor-products\/search","status":404,"api_key":"test-key-2","ip":"::1"}
{"timestamp":"2024-12-18 18:39:20","method":"GET","path":"\/api.php\/visitor-products\/search","status":404,"api_key":"test-key-2","ip":"::1"}
{"timestamp":"2024-12-18 18:40:04","method":"POST","path":"\/api.php\/seller-products\/update\/60512f52-6c88-4b0a-8c1c-af12f33173d0","status":404,"api_key":"test-key-2","ip":"::1"}
{"timestamp":"2024-12-18 18:43:01","method":"POST","path":"\/api.php\/seller-products\/update\/60512f52-6c88-4b0a-8c1c-af12f33173d0","status":404,"api_key":"test-key-2","ip":"::1"}
{"timestamp":"2024-12-18 18:43:45","method":"GET","path":"\/api.php\/seller-products\/listedProducts","status":404,"api_key":"test-key-2","ip":"::1"}
{"timestamp":"2024-12-18 18:46:55","method":"GET","path":"\/api.php\/seller-products\/listedProducts","status":404,"api_key":"test-key-2","ip":"::1"}
{"timestamp":"2024-12-18 18:47:17","method":"POST","path":"\/api.php\/seller-products\/store","status":404,"api_key":"test-key-2","ip":"::1"}
{"timestamp":"2024-12-18 18:47:47","method":"POST","path":"\/api.php\/seller-products\/store","status":404,"api_key":"test-key-2","ip":"::1"}
{"timestamp":"2024-12-18 18:48:22","method":"POST","path":"\/api.php\/seller-products\/store","status":404,"api_key":"test-key-2","ip":"::1"}
{"timestamp":"2024-12-18 18:48:26","method":"POST","path":"\/api.php\/seller-products\/store","status":404,"api_key":"test-key-2","ip":"::1"}
{"timestamp":"2024-12-18 18:49:36","method":"POST","path":"\/api.php\/seller-products\/store","status":404,"api_key":"test-key-2","ip":"::1"}
{"timestamp":"2024-12-18 18:49:39","method":"POST","path":"\/api.php\/seller-products\/store","status":404,"api_key":"test-key-2","ip":"::1"}
{"timestamp":"2024-12-18 18:49:51","method":"POST","path":"\/api.php\/seller-products\/store","status":404,"api_key":"test-key-2","ip":"::1"}
{"timestamp":"2024-12-18 18:50:25","method":"POST","path":"\/api.php\/seller-products\/store","status":401,"api_key":"test-key-2","ip":"::1"}
{"timestamp":"2024-12-18 18:51:15","method":"POST","path":"\/api.php\/seller-products\/store","status":401,"api_key":"test-key-2","ip":"::1"}
{"timestamp":"2024-12-18 18:51:25","method":"GET","path":"\/api.php\/visitor-products\/search","status":200,"api_key":"test-key-2","ip":"::1"}
{"timestamp":"2024-12-18 18:51:47","method":"GET","path":"\/api.php\/buyer-products\/search","status":401,"api_key":"test-key-2","ip":"::1"}
{"timestamp":"2024-12-18 18:52:57","method":"POST","path":"\/api.php\/seller-products\/update\/60512f52-6c88-4b0a-8c1c-af12f33173d0","status":401,"api_key":"test-key-2","ip":"::1"}
{"timestamp":"2024-12-18 18:53:14","method":"PUT","path":"\/api.php\/seller-products\/approveProduct\/3498897e-7f00-11ef-8801-c01850599686","status":401,"api_key":"test-key-2","ip":"::1"}
{"timestamp":"2024-12-18 18:53:39","method":"POST","path":"\/api.php\/shopping\/login","status":200,"api_key":"test-key-2","ip":"::1"}
